<?xml version="1.0" encoding="UTF-8"?>
<!-- Generated by org.testng.reporters.JUnitReportReporter -->
<testsuite hostname="DESKTOP-ESBV71L" name="com.training.sanity.tests.ELearningChangePasswordELTC_003" tests="1" failures="0" timestamp="6 Nov 2019 09:27:09 GMT" time="10.752" errors="0">
  <testcase name="testMeth" time="10.752" classname="com.training.sanity.tests.ELearningChangePasswordELTC_003"/>
</testsuite> <!-- com.training.sanity.tests.ELearningChangePasswordELTC_003 -->
